<?xml version="1.0" encoding="UTF-8"?>
<!-- Generated by org.testng.reporters.JUnitXMLReporter -->
<testsuite ignored="0" hostname="Soni" failures="1" tests="1" name="ChromeTest" time="0.048" errors="0" timestamp="2023-07-21T15:04:07 IST">
  <testcase classname="testNGExecutation.SelectBrowser1" name="chromemethod" time="0.0">
    <failure type="org.testng.TestNGException" message="
Parameter &amp;apos;Vusername&amp;apos; is required by @Test on method chromemethod but has not been marked @Optional or defined
in C:\Users\puyed\git\wcsa5Repository\wcsa5seleniumproject\SelectBrowser1testng.xml">
      <![CDATA[org.testng.TestNGException: 
Parameter 'Vusername' is required by @Test on method chromemethod but has not been marked @Optional or defined
in C:\Users\puyed\git\wcsa5Repository\wcsa5seleniumproject\SelectBrowser1testng.xml
at java.base/java.util.ArrayList.forEach(ArrayList.java:1511)
at java.base/java.util.concurrent.FutureTask.run(FutureTask.java:264)
at java.base/java.util.concurrent.ThreadPoolExecutor.runWorker(ThreadPoolExecutor.java:1136)
at java.base/java.util.concurrent.ThreadPoolExecutor$Worker.run(ThreadPoolExecutor.java:635)
at java.base/java.lang.Thread.run(Thread.java:833)
... Removed 16 stack frames]]>
    </failure>
  </testcase> <!-- chromemethod -->
</testsuite> <!-- ChromeTest -->
