<?xml version="1.0" encoding="UTF-8"?>
<!-- Generated by org.testng.reporters.JUnitXMLReporter -->
<testsuite ignored="0" hostname="Soni" failures="1" tests="1" name="Test" time="0.051" errors="0" timestamp="2023-07-18T21:46:26 IST">
  <testcase classname="testNGExecutation.SelectBrowser" name="chromemethod" time="0.0">
    <failure type="org.testng.TestNGException" message="
Parameter &amp;apos;Username&amp;apos; is required by @Test on method chromemethod but has not been marked @Optional or defined
in C:\Users\puyed\git\wcsa5Repository\wcsa5seleniumproject\testngselectbrowser.xml">
      <![CDATA[org.testng.TestNGException: 
Parameter 'Username' is required by @Test on method chromemethod but has not been marked @Optional or defined
in C:\Users\puyed\git\wcsa5Repository\wcsa5seleniumproject\testngselectbrowser.xml
at java.base/java.util.ArrayList.forEach(ArrayList.java:1511)
... Removed 26 stack frames]]>
    </failure>
  </testcase> <!-- chromemethod -->
</testsuite> <!-- Test -->
